[2025-03-20 14:40:12] Starting Django backend server...
[2025-03-20 14:40:15] Backend server started at http://localhost:8000
[2025-03-20 14:40:17] Starting React frontend server...
[2025-03-20 14:40:20] Frontend server started at http://localhost:3000
[2025-03-20 14:40:20] 
Press Ctrl+C to stop both servers...
[2025-03-20 15:00:08] Starting Django backend server...
[2025-03-20 15:00:25] Backend server started at http://localhost:8000
[2025-03-20 15:00:27] Starting React frontend server...
[2025-03-20 15:00:29] Frontend server started at http://localhost:3000
[2025-03-20 15:00:30] 
Press Ctrl+C to stop both servers...
[2025-03-20 15:09:01] Starting Django backend server...
[2025-03-20 15:09:09] Backend server started at http://localhost:8000
[2025-03-20 15:09:11] Starting React frontend server...
[2025-03-20 15:09:13] Frontend server started at http://localhost:3000
[2025-03-20 15:09:14] 
Press Ctrl+C to stop both servers...
[2025-03-20 15:13:32] Starting Django backend server...
[2025-03-20 15:13:37] Backend server started at http://localhost:8000
[2025-03-20 15:13:39] Starting React frontend server...
[2025-03-20 15:13:41] Frontend server started at http://localhost:3000
[2025-03-20 15:13:41] 
Press Ctrl+C to stop both servers...
[2025-03-20 15:17:34] Starting Django backend server...
[2025-03-20 15:17:38] Backend server started at http://localhost:8000
[2025-03-20 15:17:40] Starting React frontend server...
[2025-03-20 15:17:42] Frontend server started at http://localhost:3000
[2025-03-20 15:17:42] 
Press Ctrl+C to stop both servers...
[2025-03-20 15:20:43] Starting Django backend server...
[2025-03-20 15:20:48] Backend server started at http://localhost:8000
[2025-03-20 15:20:50] Starting React frontend server...
[2025-03-20 15:20:57] Frontend server started at http://localhost:3000
[2025-03-20 15:20:57] 
Press Ctrl+C to stop both servers...
